{"C:/Users/andrew/Desktop/Projects/SvelteKit-Template/src/hooks.server.ts": {"path":"C:/Users/andrew/Desktop/Projects/SvelteKit-Template/src/hooks.server.ts","statementMap":{"0":{"start":{"line":9,"column":30},"end":{"line":36,"column":null}},"1":{"start":{"line":11,"column":15},"end":{"line":11,"column":null}},"2":{"start":{"line":13,"column":1},"end":{"line":18,"column":null}},"3":{"start":{"line":15,"column":2},"end":{"line":15,"column":null}},"4":{"start":{"line":16,"column":2},"end":{"line":16,"column":null}},"5":{"start":{"line":17,"column":2},"end":{"line":17,"column":null}},"6":{"start":{"line":21,"column":27},"end":{"line":21,"column":null}},"7":{"start":{"line":23,"column":1},"end":{"line":33,"column":null}},"8":{"start":{"line":25,"column":2},"end":{"line":25,"column":null}},"9":{"start":{"line":26,"column":2},"end":{"line":26,"column":null}},"10":{"start":{"line":27,"column":2},"end":{"line":27,"column":null}},"11":{"start":{"line":30,"column":2},"end":{"line":30,"column":null}},"12":{"start":{"line":31,"column":2},"end":{"line":31,"column":null}},"13":{"start":{"line":32,"column":2},"end":{"line":32,"column":null}},"14":{"start":{"line":35,"column":1},"end":{"line":35,"column":null}}},"fnMap":{"0":{"name":"(anonymous_0)","decl":{"start":{"line":9,"column":30},"end":{"line":9,"column":37}},"loc":{"start":{"line":9,"column":60},"end":{"line":36,"column":null}}}},"branchMap":{"0":{"loc":{"start":{"line":13,"column":1},"end":{"line":18,"column":null}},"type":"if","locations":[{"start":{"line":13,"column":1},"end":{"line":18,"column":null}},{"start":{},"end":{}}]},"1":{"loc":{"start":{"line":23,"column":1},"end":{"line":33,"column":null}},"type":"if","locations":[{"start":{"line":23,"column":1},"end":{"line":33,"column":null}},{"start":{"line":28,"column":8},"end":{"line":33,"column":null}}]}},"s":{"0":0,"1":0,"2":0,"3":0,"4":0,"5":0,"6":0,"7":0,"8":0,"9":0,"10":0,"11":0,"12":0,"13":0,"14":0},"f":{"0":0},"b":{"0":[0,0],"1":[0,0]}}
,"C:/Users/andrew/Desktop/Projects/SvelteKit-Template/src/lib/server/mailer.ts": {"path":"C:/Users/andrew/Desktop/Projects/SvelteKit-Template/src/lib/server/mailer.ts","statementMap":{"0":{"start":{"line":8,"column":20},"end":{"line":19,"column":null}},"1":{"start":{"line":33,"column":1},"end":{"line":35,"column":null}},"2":{"start":{"line":34,"column":2},"end":{"line":34,"column":null}},"3":{"start":{"line":37,"column":19},"end":{"line":37,"column":null}},"4":{"start":{"line":39,"column":1},"end":{"line":45,"column":null}},"5":{"start":{"line":46,"column":1},"end":{"line":46,"column":null}}},"fnMap":{"0":{"name":"sendMagicLink","decl":{"start":{"line":28,"column":22},"end":{"line":28,"column":null}},"loc":{"start":{"line":32,"column":25},"end":{"line":47,"column":null}}}},"branchMap":{"0":{"loc":{"start":{"line":33,"column":1},"end":{"line":35,"column":null}},"type":"if","locations":[{"start":{"line":33,"column":1},"end":{"line":35,"column":null}},{"start":{},"end":{}}]},"1":{"loc":{"start":{"line":33,"column":5},"end":{"line":33,"column":45}},"type":"binary-expr","locations":[{"start":{"line":33,"column":5},"end":{"line":33,"column":15}},{"start":{"line":33,"column":15},"end":{"line":33,"column":45}}]}},"s":{"0":0,"1":0,"2":0,"3":0,"4":0,"5":0},"f":{"0":0},"b":{"0":[0,0],"1":[0,0]}}
,"C:/Users/andrew/Desktop/Projects/SvelteKit-Template/src/lib/server/prisma.ts": {"path":"C:/Users/andrew/Desktop/Projects/SvelteKit-Template/src/lib/server/prisma.ts","statementMap":{"0":{"start":{"line":5,"column":24},"end":{"line":5,"column":null}},"1":{"start":{"line":7,"column":22},"end":{"line":7,"column":null}},"2":{"start":{"line":9,"column":0},"end":{"line":9,"column":null}},"3":{"start":{"line":9,"column":43},"end":{"line":9,"column":null}},"4":{"start":{"line":12,"column":1},"end":{"line":19,"column":null}},"5":{"start":{"line":13,"column":2},"end":{"line":13,"column":null}},"6":{"start":{"line":14,"column":2},"end":{"line":14,"column":null}},"7":{"start":{"line":16,"column":2},"end":{"line":16,"column":null}},"8":{"start":{"line":17,"column":2},"end":{"line":17,"column":null}},"9":{"start":{"line":18,"column":2},"end":{"line":18,"column":null}},"10":{"start":{"line":22,"column":0},"end":{"line":22,"column":null}}},"fnMap":{"0":{"name":"checkDatabaseConnection","decl":{"start":{"line":11,"column":15},"end":{"line":11,"column":41}},"loc":{"start":{"line":11,"column":41},"end":{"line":20,"column":null}}}},"branchMap":{"0":{"loc":{"start":{"line":7,"column":22},"end":{"line":7,"column":null}},"type":"binary-expr","locations":[{"start":{"line":7,"column":22},"end":{"line":7,"column":48}},{"start":{"line":7,"column":48},"end":{"line":7,"column":null}}]},"1":{"loc":{"start":{"line":9,"column":0},"end":{"line":9,"column":null}},"type":"if","locations":[{"start":{"line":9,"column":0},"end":{"line":9,"column":null}},{"start":{},"end":{}}]}},"s":{"0":0,"1":0,"2":0,"3":0,"4":0,"5":0,"6":0,"7":0,"8":0,"9":0,"10":0},"f":{"0":0},"b":{"0":[0,0],"1":[0,0]}}
,"C:/Users/andrew/Desktop/Projects/SvelteKit-Template/src/lib/server/auth/guard.ts": {"path":"C:/Users/andrew/Desktop/Projects/SvelteKit-Template/src/lib/server/auth/guard.ts","statementMap":{"0":{"start":{"line":26,"column":27},"end":{"line":26,"column":null}},"1":{"start":{"line":28,"column":1},"end":{"line":30,"column":null}},"2":{"start":{"line":29,"column":2},"end":{"line":29,"column":null}},"3":{"start":{"line":32,"column":1},"end":{"line":32,"column":null}},"4":{"start":{"line":54,"column":27},"end":{"line":54,"column":null}},"5":{"start":{"line":56,"column":1},"end":{"line":58,"column":null}},"6":{"start":{"line":57,"column":2},"end":{"line":57,"column":null}},"7":{"start":{"line":60,"column":1},"end":{"line":60,"column":null}}},"fnMap":{"0":{"name":"requireAuth","decl":{"start":{"line":22,"column":16},"end":{"line":22,"column":null}},"loc":{"start":{"line":25,"column":36},"end":{"line":33,"column":null}}},"1":{"name":"requireRole","decl":{"start":{"line":49,"column":16},"end":{"line":49,"column":null}},"loc":{"start":{"line":53,"column":36},"end":{"line":61,"column":null}}}},"branchMap":{"0":{"loc":{"start":{"line":24,"column":1},"end":{"line":24,"column":null}},"type":"default-arg","locations":[{"start":{"line":24,"column":22},"end":{"line":24,"column":null}}]},"1":{"loc":{"start":{"line":28,"column":1},"end":{"line":30,"column":null}},"type":"if","locations":[{"start":{"line":28,"column":1},"end":{"line":30,"column":null}},{"start":{},"end":{}}]},"2":{"loc":{"start":{"line":28,"column":5},"end":{"line":28,"column":24}},"type":"binary-expr","locations":[{"start":{"line":28,"column":5},"end":{"line":28,"column":14}},{"start":{"line":28,"column":14},"end":{"line":28,"column":24}}]},"3":{"loc":{"start":{"line":52,"column":1},"end":{"line":52,"column":null}},"type":"default-arg","locations":[{"start":{"line":52,"column":22},"end":{"line":52,"column":null}}]},"4":{"loc":{"start":{"line":56,"column":1},"end":{"line":58,"column":null}},"type":"if","locations":[{"start":{"line":56,"column":1},"end":{"line":58,"column":null}},{"start":{},"end":{}}]},"5":{"loc":{"start":{"line":56,"column":5},"end":{"line":56,"column":39}},"type":"binary-expr","locations":[{"start":{"line":56,"column":5},"end":{"line":56,"column":19}},{"start":{"line":56,"column":19},"end":{"line":56,"column":39}}]}},"s":{"0":9,"1":9,"2":4,"3":5,"4":5,"5":4,"6":3,"7":1},"f":{"0":9,"1":5},"b":{"0":[8],"1":[4,5],"2":[9,6],"3":[4],"4":[3,1],"5":[4,3]}}
,"C:/Users/andrew/Desktop/Projects/SvelteKit-Template/src/lib/server/auth/magicToken.ts": {"path":"C:/Users/andrew/Desktop/Projects/SvelteKit-Template/src/lib/server/auth/magicToken.ts","statementMap":{"0":{"start":{"line":19,"column":1},"end":{"line":21,"column":null}},"1":{"start":{"line":20,"column":2},"end":{"line":20,"column":null}},"2":{"start":{"line":24,"column":15},"end":{"line":24,"column":null}},"3":{"start":{"line":25,"column":21},"end":{"line":25,"column":null}},"4":{"start":{"line":28,"column":19},"end":{"line":28,"column":null}},"5":{"start":{"line":31,"column":1},"end":{"line":38,"column":null}},"6":{"start":{"line":40,"column":1},"end":{"line":40,"column":null}},"7":{"start":{"line":50,"column":21},"end":{"line":50,"column":null}},"8":{"start":{"line":51,"column":20},"end":{"line":53,"column":null}},"9":{"start":{"line":55,"column":1},"end":{"line":57,"column":null}},"10":{"start":{"line":56,"column":2},"end":{"line":56,"column":null}},"11":{"start":{"line":59,"column":1},"end":{"line":59,"column":null}},"12":{"start":{"line":69,"column":1},"end":{"line":74,"column":null}},"13":{"start":{"line":85,"column":19},"end":{"line":85,"column":null}},"14":{"start":{"line":86,"column":1},"end":{"line":92,"column":null}},"15":{"start":{"line":102,"column":1},"end":{"line":104,"column":null}},"16":{"start":{"line":103,"column":2},"end":{"line":103,"column":null}},"17":{"start":{"line":105,"column":1},"end":{"line":107,"column":null}},"18":{"start":{"line":117,"column":21},"end":{"line":117,"column":null}},"19":{"start":{"line":120,"column":18},"end":{"line":120,"column":null}},"20":{"start":{"line":121,"column":13},"end":{"line":121,"column":null}},"21":{"start":{"line":122,"column":19},"end":{"line":122,"column":null}},"22":{"start":{"line":124,"column":1},"end":{"line":132,"column":null}},"23":{"start":{"line":126,"column":2},"end":{"line":129,"column":null}},"24":{"start":{"line":131,"column":2},"end":{"line":131,"column":null}},"25":{"start":{"line":134,"column":1},"end":{"line":134,"column":null}}},"fnMap":{"0":{"name":"createMagicToken","decl":{"start":{"line":15,"column":22},"end":{"line":15,"column":null}},"loc":{"start":{"line":18,"column":38},"end":{"line":41,"column":null}}},"1":{"name":"findMagicTokenByToken","decl":{"start":{"line":49,"column":22},"end":{"line":49,"column":44}},"loc":{"start":{"line":49,"column":59},"end":{"line":60,"column":null}}},"2":{"name":"findActiveMagicTokenByEmail","decl":{"start":{"line":68,"column":22},"end":{"line":68,"column":50}},"loc":{"start":{"line":68,"column":65},"end":{"line":75,"column":null}}},"3":{"name":"findMagicTokenByEmailAndOtp","decl":{"start":{"line":84,"column":22},"end":{"line":84,"column":50}},"loc":{"start":{"line":84,"column":78},"end":{"line":93,"column":null}}},"4":{"name":"invalidateMagicToken","decl":{"start":{"line":101,"column":22},"end":{"line":101,"column":43}},"loc":{"start":{"line":101,"column":75},"end":{"line":108,"column":null}}},"5":{"name":"generateOtp","decl":{"start":{"line":116,"column":22},"end":{"line":116,"column":34}},"loc":{"start":{"line":116,"column":77},"end":{"line":135,"column":null}}}},"branchMap":{"0":{"loc":{"start":{"line":19,"column":1},"end":{"line":21,"column":null}},"type":"if","locations":[{"start":{"line":19,"column":1},"end":{"line":21,"column":null}},{"start":{},"end":{}}]},"1":{"loc":{"start":{"line":19,"column":5},"end":{"line":19,"column":45}},"type":"binary-expr","locations":[{"start":{"line":19,"column":5},"end":{"line":19,"column":15}},{"start":{"line":19,"column":15},"end":{"line":19,"column":45}}]},"2":{"loc":{"start":{"line":55,"column":1},"end":{"line":57,"column":null}},"type":"if","locations":[{"start":{"line":55,"column":1},"end":{"line":57,"column":null}},{"start":{},"end":{}}]},"3":{"loc":{"start":{"line":55,"column":5},"end":{"line":55,"column":55}},"type":"binary-expr","locations":[{"start":{"line":55,"column":5},"end":{"line":55,"column":20}},{"start":{"line":55,"column":20},"end":{"line":55,"column":55}}]},"4":{"loc":{"start":{"line":102,"column":1},"end":{"line":104,"column":null}},"type":"if","locations":[{"start":{"line":102,"column":1},"end":{"line":104,"column":null}},{"start":{},"end":{}}]}},"s":{"0":0,"1":0,"2":0,"3":0,"4":0,"5":0,"6":0,"7":0,"8":0,"9":0,"10":0,"11":0,"12":0,"13":0,"14":0,"15":0,"16":0,"17":0,"18":0,"19":0,"20":0,"21":0,"22":0,"23":0,"24":0,"25":0},"f":{"0":0,"1":0,"2":0,"3":0,"4":0,"5":0},"b":{"0":[0,0],"1":[0,0],"2":[0,0],"3":[0,0],"4":[0,0]}}
,"C:/Users/andrew/Desktop/Projects/SvelteKit-Template/src/lib/server/auth/session.ts": {"path":"C:/Users/andrew/Desktop/Projects/SvelteKit-Template/src/lib/server/auth/session.ts","statementMap":{"0":{"start":{"line":18,"column":15},"end":{"line":18,"column":null}},"1":{"start":{"line":19,"column":1},"end":{"line":19,"column":null}},"2":{"start":{"line":20,"column":1},"end":{"line":20,"column":null}},"3":{"start":{"line":35,"column":15},"end":{"line":35,"column":null}},"4":{"start":{"line":36,"column":21},"end":{"line":36,"column":null}},"5":{"start":{"line":37,"column":26},"end":{"line":42,"column":null}},"6":{"start":{"line":43,"column":1},"end":{"line":45,"column":null}},"7":{"start":{"line":46,"column":1},"end":{"line":48,"column":null}},"8":{"start":{"line":47,"column":2},"end":{"line":47,"column":null}},"9":{"start":{"line":49,"column":1},"end":{"line":49,"column":null}},"10":{"start":{"line":61,"column":21},"end":{"line":61,"column":null}},"11":{"start":{"line":62,"column":16},"end":{"line":69,"column":null}},"12":{"start":{"line":70,"column":1},"end":{"line":72,"column":null}},"13":{"start":{"line":71,"column":2},"end":{"line":71,"column":null}},"14":{"start":{"line":73,"column":30},"end":{"line":73,"column":null}},"15":{"start":{"line":74,"column":1},"end":{"line":77,"column":null}},"16":{"start":{"line":75,"column":2},"end":{"line":75,"column":null}},"17":{"start":{"line":76,"column":2},"end":{"line":76,"column":null}},"18":{"start":{"line":80,"column":1},"end":{"line":90,"column":null}},"19":{"start":{"line":81,"column":2},"end":{"line":81,"column":null}},"20":{"start":{"line":82,"column":2},"end":{"line":89,"column":null}},"21":{"start":{"line":91,"column":1},"end":{"line":91,"column":null}},"22":{"start":{"line":101,"column":1},"end":{"line":103,"column":null}},"23":{"start":{"line":102,"column":2},"end":{"line":102,"column":null}},"24":{"start":{"line":104,"column":1},"end":{"line":104,"column":null}},"25":{"start":{"line":113,"column":1},"end":{"line":113,"column":null}},"26":{"start":{"line":128,"column":1},"end":{"line":134,"column":null}},"27":{"start":{"line":143,"column":1},"end":{"line":143,"column":null}},"28":{"start":{"line":155,"column":1},"end":{"line":155,"column":null}}},"fnMap":{"0":{"name":"generateSessionToken","decl":{"start":{"line":17,"column":9},"end":{"line":17,"column":40}},"loc":{"start":{"line":17,"column":40},"end":{"line":21,"column":null}}},"1":{"name":"createSession","decl":{"start":{"line":32,"column":22},"end":{"line":32,"column":null}},"loc":{"start":{"line":34,"column":56},"end":{"line":50,"column":null}}},"2":{"name":"validateSessionToken","decl":{"start":{"line":58,"column":22},"end":{"line":58,"column":null}},"loc":{"start":{"line":60,"column":59},"end":{"line":92,"column":null}}},"3":{"name":"invalidateSession","decl":{"start":{"line":100,"column":22},"end":{"line":100,"column":40}},"loc":{"start":{"line":100,"column":94},"end":{"line":105,"column":null}}},"4":{"name":"invalidateUserSessions","decl":{"start":{"line":112,"column":22},"end":{"line":112,"column":45}},"loc":{"start":{"line":112,"column":76},"end":{"line":114,"column":null}}},"5":{"name":"setSessionTokenCookie","decl":{"start":{"line":123,"column":16},"end":{"line":123,"column":null}},"loc":{"start":{"line":127,"column":8},"end":{"line":135,"column":null}}},"6":{"name":"deleteSessionTokenCookie","decl":{"start":{"line":142,"column":16},"end":{"line":142,"column":41}},"loc":{"start":{"line":142,"column":92},"end":{"line":144,"column":null}}},"7":{"name":"getSessionTokenCookie","decl":{"start":{"line":152,"column":16},"end":{"line":152,"column":38}},"loc":{"start":{"line":154,"column":23},"end":{"line":156,"column":null}}}},"branchMap":{"0":{"loc":{"start":{"line":46,"column":1},"end":{"line":48,"column":null}},"type":"if","locations":[{"start":{"line":46,"column":1},"end":{"line":48,"column":null}},{"start":{},"end":{}}]},"1":{"loc":{"start":{"line":70,"column":1},"end":{"line":72,"column":null}},"type":"if","locations":[{"start":{"line":70,"column":1},"end":{"line":72,"column":null}},{"start":{},"end":{}}]},"2":{"loc":{"start":{"line":74,"column":1},"end":{"line":77,"column":null}},"type":"if","locations":[{"start":{"line":74,"column":1},"end":{"line":77,"column":null}},{"start":{},"end":{}}]},"3":{"loc":{"start":{"line":80,"column":1},"end":{"line":90,"column":null}},"type":"if","locations":[{"start":{"line":80,"column":1},"end":{"line":90,"column":null}},{"start":{},"end":{}}]},"4":{"loc":{"start":{"line":101,"column":1},"end":{"line":103,"column":null}},"type":"if","locations":[{"start":{"line":101,"column":1},"end":{"line":103,"column":null}},{"start":{},"end":{}}]}},"s":{"0":0,"1":0,"2":0,"3":0,"4":0,"5":0,"6":0,"7":0,"8":0,"9":0,"10":4,"11":4,"12":4,"13":1,"14":3,"15":3,"16":1,"17":1,"18":2,"19":1,"20":1,"21":2,"22":0,"23":0,"24":0,"25":0,"26":0,"27":0,"28":0},"f":{"0":0,"1":0,"2":4,"3":0,"4":0,"5":0,"6":0,"7":0},"b":{"0":[0,0],"1":[1,3],"2":[1,2],"3":[1,1],"4":[0,0]}}
,"C:/Users/andrew/Desktop/Projects/SvelteKit-Template/src/lib/server/auth/user.ts": {"path":"C:/Users/andrew/Desktop/Projects/SvelteKit-Template/src/lib/server/auth/user.ts","statementMap":{"0":{"start":{"line":13,"column":1},"end":{"line":15,"column":null}},"1":{"start":{"line":25,"column":1},"end":{"line":27,"column":null}},"2":{"start":{"line":26,"column":2},"end":{"line":26,"column":null}},"3":{"start":{"line":29,"column":12},"end":{"line":29,"column":null}},"4":{"start":{"line":31,"column":1},"end":{"line":35,"column":null}},"5":{"start":{"line":32,"column":2},"end":{"line":34,"column":null}},"6":{"start":{"line":37,"column":1},"end":{"line":37,"column":null}}},"fnMap":{"0":{"name":"findUserByEmail","decl":{"start":{"line":12,"column":22},"end":{"line":12,"column":38}},"loc":{"start":{"line":12,"column":53},"end":{"line":16,"column":null}}},"1":{"name":"createUserIfNotExists","decl":{"start":{"line":24,"column":22},"end":{"line":24,"column":44}},"loc":{"start":{"line":24,"column":92},"end":{"line":38,"column":null}}}},"branchMap":{"0":{"loc":{"start":{"line":25,"column":1},"end":{"line":27,"column":null}},"type":"if","locations":[{"start":{"line":25,"column":1},"end":{"line":27,"column":null}},{"start":{},"end":{}}]},"1":{"loc":{"start":{"line":25,"column":5},"end":{"line":25,"column":45}},"type":"binary-expr","locations":[{"start":{"line":25,"column":5},"end":{"line":25,"column":15}},{"start":{"line":25,"column":15},"end":{"line":25,"column":45}}]},"2":{"loc":{"start":{"line":31,"column":1},"end":{"line":35,"column":null}},"type":"if","locations":[{"start":{"line":31,"column":1},"end":{"line":35,"column":null}},{"start":{},"end":{}}]}},"s":{"0":0,"1":0,"2":0,"3":0,"4":0,"5":0,"6":0},"f":{"0":0,"1":0},"b":{"0":[0,0],"1":[0,0],"2":[0,0]}}
,"C:/Users/andrew/Desktop/Projects/SvelteKit-Template/src/lib/util/error.ts": {"path":"C:/Users/andrew/Desktop/Projects/SvelteKit-Template/src/lib/util/error.ts","statementMap":{"0":{"start":{"line":12,"column":2},"end":{"line":12,"column":null}},"1":{"start":{"line":8,"column":11},"end":{"line":8,"column":null}},"2":{"start":{"line":10,"column":11},"end":{"line":10,"column":32}},"3":{"start":{"line":13,"column":2},"end":{"line":13,"column":null}},"4":{"start":{"line":17,"column":2},"end":{"line":17,"column":null}},"5":{"start":{"line":39,"column":22},"end":{"line":39,"column":32}},"6":{"start":{"line":45,"column":2},"end":{"line":45,"column":null}},"7":{"start":{"line":52,"column":2},"end":{"line":52,"column":null}},"8":{"start":{"line":60,"column":2},"end":{"line":60,"column":null}},"9":{"start":{"line":68,"column":22},"end":{"line":68,"column":32}},"10":{"start":{"line":74,"column":2},"end":{"line":74,"column":null}},"11":{"start":{"line":81,"column":2},"end":{"line":81,"column":null}},"12":{"start":{"line":91,"column":2},"end":{"line":91,"column":null}},"13":{"start":{"line":107,"column":1},"end":{"line":107,"column":null}},"14":{"start":{"line":122,"column":1},"end":{"line":122,"column":null}}},"fnMap":{"0":{"name":"(anonymous_0)","decl":{"start":{"line":7,"column":1},"end":{"line":7,"column":null}},"loc":{"start":{"line":11,"column":3},"end":{"line":14,"column":null}}},"1":{"name":"(anonymous_1)","decl":{"start":{"line":16,"column":1},"end":{"line":16,"column":20}},"loc":{"start":{"line":16,"column":20},"end":{"line":18,"column":null}}},"2":{"name":"(anonymous_2)","decl":{"start":{"line":39,"column":1},"end":{"line":39,"column":22}},"loc":{"start":{"line":39,"column":32},"end":{"line":39,"column":null}}},"3":{"name":"(anonymous_3)","decl":{"start":{"line":44,"column":1},"end":{"line":44,"column":23}},"loc":{"start":{"line":44,"column":23},"end":{"line":46,"column":null}}},"4":{"name":"(anonymous_4)","decl":{"start":{"line":51,"column":1},"end":{"line":51,"column":16}},"loc":{"start":{"line":51,"column":16},"end":{"line":53,"column":null}}},"5":{"name":"(anonymous_5)","decl":{"start":{"line":59,"column":1},"end":{"line":59,"column":13}},"loc":{"start":{"line":59,"column":13},"end":{"line":61,"column":null}}},"6":{"name":"(anonymous_6)","decl":{"start":{"line":68,"column":1},"end":{"line":68,"column":22}},"loc":{"start":{"line":68,"column":32},"end":{"line":68,"column":null}}},"7":{"name":"(anonymous_7)","decl":{"start":{"line":73,"column":1},"end":{"line":73,"column":15}},"loc":{"start":{"line":73,"column":15},"end":{"line":75,"column":null}}},"8":{"name":"(anonymous_8)","decl":{"start":{"line":80,"column":1},"end":{"line":80,"column":25}},"loc":{"start":{"line":80,"column":25},"end":{"line":82,"column":null}}},"9":{"name":"(anonymous_9)","decl":{"start":{"line":90,"column":1},"end":{"line":90,"column":20}},"loc":{"start":{"line":90,"column":20},"end":{"line":92,"column":null}}},"10":{"name":"ok","decl":{"start":{"line":106,"column":16},"end":{"line":106,"column":22}},"loc":{"start":{"line":106,"column":39},"end":{"line":108,"column":null}}},"11":{"name":"err","decl":{"start":{"line":121,"column":16},"end":{"line":121,"column":23}},"loc":{"start":{"line":121,"column":41},"end":{"line":123,"column":null}}}},"branchMap":{"0":{"loc":{"start":{"line":9,"column":2},"end":{"line":9,"column":null}},"type":"default-arg","locations":[{"start":{"line":9,"column":17},"end":{"line":9,"column":null}}]},"1":{"loc":{"start":{"line":10,"column":11},"end":{"line":10,"column":null}},"type":"default-arg","locations":[{"start":{"line":10,"column":32},"end":{"line":10,"column":null}}]}},"s":{"0":8,"1":8,"2":8,"3":8,"4":3,"5":4,"6":4,"7":1,"8":1,"9":6,"10":6,"11":6,"12":1,"13":4,"14":6},"f":{"0":8,"1":3,"2":4,"3":4,"4":1,"5":1,"6":6,"7":6,"8":6,"9":1,"10":4,"11":6},"b":{"0":[1],"1":[7]}}
,"C:/Users/andrew/Desktop/Projects/SvelteKit-Template/src/lib/util/validation.ts": {"path":"C:/Users/andrew/Desktop/Projects/SvelteKit-Template/src/lib/util/validation.ts","statementMap":{"0":{"start":{"line":12,"column":1},"end":{"line":14,"column":null}},"1":{"start":{"line":13,"column":2},"end":{"line":13,"column":null}},"2":{"start":{"line":17,"column":20},"end":{"line":17,"column":null}},"3":{"start":{"line":19,"column":1},"end":{"line":21,"column":null}},"4":{"start":{"line":20,"column":2},"end":{"line":20,"column":null}},"5":{"start":{"line":23,"column":1},"end":{"line":23,"column":null}}},"fnMap":{"0":{"name":"validateEmail","decl":{"start":{"line":11,"column":16},"end":{"line":11,"column":30}},"loc":{"start":{"line":11,"column":62},"end":{"line":24,"column":null}}}},"branchMap":{"0":{"loc":{"start":{"line":12,"column":1},"end":{"line":14,"column":null}},"type":"if","locations":[{"start":{"line":12,"column":1},"end":{"line":14,"column":null}},{"start":{},"end":{}}]},"1":{"loc":{"start":{"line":12,"column":5},"end":{"line":12,"column":36}},"type":"binary-expr","locations":[{"start":{"line":12,"column":5},"end":{"line":12,"column":15}},{"start":{"line":12,"column":15},"end":{"line":12,"column":36}}]},"2":{"loc":{"start":{"line":19,"column":1},"end":{"line":21,"column":null}},"type":"if","locations":[{"start":{"line":19,"column":1},"end":{"line":21,"column":null}},{"start":{},"end":{}}]}},"s":{"0":8,"1":1,"2":7,"3":7,"4":4,"5":3},"f":{"0":8},"b":{"0":[1,7],"1":[8,7],"2":[4,3]}}
}
